<?xml version="1.0" encoding="UTF-8"?>
<testng-results skipped="0" failed="0" ignored="0" total="1" passed="1">
  <reporter-output>
  </reporter-output>
  <suite name="Default suite" duration-ms="5042" started-at="2020-01-16T19:40:07Z" finished-at="2020-01-16T19:40:12Z">
    <groups>
    </groups>
    <test name="Default test" duration-ms="5042" started-at="2020-01-16T19:40:07Z" finished-at="2020-01-16T19:40:12Z">
      <class name="com.common.Base">
        <test-method status="PASS" signature="getdriver()[pri:0, instance:com.common.Base@59fa1d9b]" name="getdriver" duration-ms="5022" started-at="2020-01-16T19:40:07Z" finished-at="2020-01-16T19:40:12Z">
          <reporter-output>
          </reporter-output>
        </test-method> <!-- getdriver -->
      </class> <!-- com.common.Base -->
    </test> <!-- Default test -->
  </suite> <!-- Default suite -->
</testng-results>
